<?xml version="1.0" encoding="UTF-8"?>
<!-- Generated by org.testng.reporters.JUnitReportReporter -->
<testsuite skipped="0" hostname="DESKTOP-QFA36M5" name="com.mycompany.app.AppTest" tests="1" failures="0" timestamp="06 Sep 2018 17:05:34 GMT" time="13.586" errors="0">
  <testcase name="logInTest" time="13.586" classname="com.mycompany.app.AppTest"/>
</testsuite> <!-- com.mycompany.app.AppTest -->
